1461599087.9999 t14 540
1461599093.0902 t14 540
1461599098.1808 t14 540
1461599103.2738 t14 540
1461599108.3655 t14 540
1461599113.4982 t14 540
1461599118.5900 t14 540
1461599123.6831 t14 540
1461599128.7734 t14 540
1461599133.8627 t14 540
1461599138.9519 t14 540
1461599144.0412 t14 540
1461599149.1304 t14 540
1461599154.2197 t14 570
1461599159.3091 t14 570
1461599164.3988 t14 570
1461599169.4892 t14 570
1461599174.5818 t14 540
1461599179.6717 t14 540
1461599184.7681 t14 540
1461599189.8578 t14 540
1461599194.9498 t14 540
1461599200.0400 t14 580
1461599205.1385 t14 580
1461599210.2291 t14 580
1461599215.3182 t14 580
1461599220.4095 t14 580
1461599225.4993 t14 580
1461599230.5899 t14 580
1461599235.6796 t14 580
1461599240.7711 t14 580
1461599245.8611 t14 550
1461599250.9503 t14 550
1461599256.0392 t14 550
1461599261.1286 t14 550
1461599266.2177 t14 580
1461599271.3069 t14 580
1461599276.3999 t14 580
1461599281.4885 t14 580
1461599286.5781 t14 580
1461599291.6702 t14 550
1461599296.7597 t14 550
1461599301.8490 t14 550
1461599306.9380 t14 550
1461599312.0260 t14 560
1461599317.1151 t14 560
1461599322.2048 t14 560
1461599327.2948 t14 560
1461599332.3874 t14 540
1461599337.4794 t14 540
1461599342.5688 t14 540
1461599347.6585 t14 540
1461599352.7493 t14 540
1461599357.8398 t14 540
1461599362.9300 t14 540
1461599368.0193 t14 540
1461599373.1097 t14 540
1461599378.1992 t14 560
1461599383.2885 t14 560
1461599388.3819 t14 560
