1461568480.3920 t14 520
1461568485.4830 t14 520
1461568490.5715 t14 520
1461568495.6609 t14 690
1461568500.7506 t14 690
1461568505.8542 t14 690
1461568510.9439 t14 690
1461568516.0345 t14 560
1461568521.1297 t14 560
1461568526.2250 t14 560
1461568531.3145 t14 560
1461568536.4090 t14 560
1461568541.4979 t14 530
1461568546.5877 t14 530
1461568551.6763 t14 530
1461568556.7697 t14 530
1461568561.8583 t14 540
1461568566.9470 t14 540
1461568572.0354 t14 540
1461568577.1248 t14 540
1461568582.2137 t14 530
1461568587.3025 t14 530
1461568592.3911 t14 530
1461568597.4798 t14 530
1461568602.5683 t14 530
1461568607.6730 t14 530
1461568612.7615 t14 530
1461568617.8722 t14 530
1461568622.9611 t14 530
1461568628.0595 t14 530
1461568633.1483 t14 530
1461568638.2396 t14 530
1461568643.3283 t14 530
1461568648.4172 t14 530
1461568653.5244 t14 540
1461568658.6134 t14 540
1461568663.7021 t14 540
1461568668.7905 t14 540
1461568673.8794 t14 530
1461568678.9688 t14 530
1461568684.0573 t14 530
1461568689.1471 t14 530
1461568694.2364 t14 530
1461568699.3382 t14 610
1461568704.4265 t14 610
1461568709.5172 t14 610
1461568714.6062 t14 610
1461568719.6957 t14 680
1461568724.7843 t14 680
1461568729.8729 t14 680
1461568734.9643 t14 680
1461568740.0536 t14 540
1461568745.1902 t14 540
1461568750.2789 t14 540
1461568755.3756 t14 540
1461568760.4729 t14 540
1461568765.5679 t14 560
1461568770.6565 t14 560
1461568775.7459 t14 560
1461568780.8365 t14 560
1461568785.9259 t14 560
1461568791.0149 t14 560
1461568796.1035 t14 560
1461568801.2236 t14 560
1461568806.3217 t14 560
1461568811.4472 t14 680
1461568816.5370 t14 680
1461568821.6353 t14 680
1461568826.7305 t14 680
1461568831.8193 t14 580
1461568836.9075 t14 580
1461568842.0004 t14 580
1461568847.0890 t14 580
1461568852.1783 t14 620
1461568857.2884 t14 620
1461568862.3797 t14 620
1461568867.6041 t14 620
1461568872.6924 t14 620
1461568877.7811 t14 530
1461568882.8716 t14 530
1461568887.9600 t14 530
1461568893.0485 t14 530
1461568898.1376 t14 580
1461568903.2274 t14 580
1461568908.3159 t14 580
1461568913.4045 t14 580
1461568918.4929 t14 580
1461568923.5823 t14 540
1461568928.6712 t14 540
1461568933.7792 t14 540
1461568938.8683 t14 540
1461568943.9588 t14 540
1461568949.0480 t14 540
1461568954.1370 t14 540
1461568959.2256 t14 540
1461568964.3145 t14 540
1461568969.4033 t14 540
1461568974.4918 t14 540
1461568979.5809 t14 540
1461568984.6703 t14 540
1461568989.7614 t14 530
1461568994.8530 t14 530
1461568999.9423 t14 530
1461569005.0328 t14 530
1461569010.1215 t14 550
1461569015.2104 t14 550
1461569020.2993 t14 550
1461569025.3883 t14 550
1461569030.4771 t14 550
1461569035.5700 t14 530
1461569040.6587 t14 530
1461569045.7494 t14 530
1461569050.8381 t14 530
1461569055.9267 t14 550
1461569061.0155 t14 550
1461569066.1161 t14 550
1461569071.2076 t14 550
1461569076.3006 t14 540
1461569081.3889 t14 540
1461569086.4794 t14 540
1461569091.5677 t14 540
1461569096.6588 t14 540
1461569101.7522 t14 540
1461569106.8438 t14 540
1461569111.9327 t14 540
1461569117.0220 t14 540
1461569122.1108 t14 530
1461569127.2008 t14 530
1461569132.2897 t14 530
1461569137.3793 t14 530
1461569142.4705 t14 530
1461569147.5684 t14 530
1461569152.6575 t14 530
1461569157.7465 t14 530
1461569162.8363 t14 530
1461569167.9265 t14 550
1461569173.0194 t14 550
1461569178.1109 t14 550
1461569183.1996 t14 550
1461569188.2902 t14 550
1461569193.3819 t14 540
1461569198.4705 t14 540
1461569203.5590 t14 540
1461569208.6524 t14 540
1461569213.7411 t14 540
1461569218.8293 t14 540
1461569223.9178 t14 540
1461569229.0085 t14 540
1461569234.0972 t14 540
1461569239.1861 t14 540
1461569244.2972 t14 540
