1461599393.4715 t14 560
1461599398.5612 t14 560
1461599403.6563 t14 560
1461599408.7502 t14 560
1461599413.8415 t14 560
1461599418.9319 t14 560
1461599424.0226 t14 550
1461599429.1125 t14 550
1461599434.2018 t14 550
1461599439.2908 t14 550
1461599444.3810 t14 550
1461599449.4702 t14 550
1461599454.5622 t14 550
1461599459.6547 t14 550
1461599464.7441 t14 550
1461599469.8339 t14 550
1461599474.9262 t14 550
1461599480.0155 t14 550
1461599485.1130 t14 550
1461599490.2021 t14 540
1461599495.2916 t14 540
1461599500.3810 t14 540
1461599505.4704 t14 540
1461599510.5596 t14 540
1461599515.6489 t14 570
1461599520.7404 t14 570
1461599525.8298 t14 570
1461599530.9201 t14 570
1461599536.0111 t14 590
1461599541.1014 t14 590
1461599546.1905 t14 590
1461599551.2796 t14 590
1461599556.3689 t14 590
1461599561.4589 t14 560
1461599566.5474 t14 560
1461599571.6366 t14 560
1461599576.7261 t14 560
1461599581.8173 t14 550
1461599586.9065 t14 550
1461599591.9965 t14 550
1461599597.0865 t14 550
1461599602.1760 t14 570
1461599607.2694 t14 570
1461599612.3730 t14 570
1461599617.4629 t14 570
1461599622.5570 t14 570
1461599627.6474 t14 560
1461599632.7364 t14 560
1461599637.8260 t14 560
1461599642.9154 t14 560
1461599648.0049 t14 570
1461599653.0960 t14 570
1461599658.1866 t14 570
1461599663.2768 t14 570
1461599668.3840 t14 570
