1461598624.6210 t14 560
1461598629.7102 t14 560
1461598634.7992 t14 560
1461598639.8888 t14 540
1461598644.9781 t14 540
1461598650.0690 t14 540
1461598655.1603 t14 540
1461598660.2494 t14 560
1461598665.3390 t14 560
1461598670.4281 t14 560
1461598675.5177 t14 560
1461598680.6083 t14 530
1461598685.6975 t14 530
1461598690.7867 t14 530
1461598695.8767 t14 530
1461598700.9658 t14 530
1461598706.0603 t14 550
1461598711.1493 t14 550
1461598716.2384 t14 550
1461598721.3362 t14 550
1461598726.4250 t14 540
1461598731.5299 t14 540
1461598736.6211 t14 540
1461598741.7126 t14 540
1461598746.8077 t14 540
1461598751.8969 t14 540
1461598756.9859 t14 540
1461598762.0751 t14 540
1461598767.1642 t14 540
1461598772.2669 t14 550
1461598777.3703 t14 550
1461598782.4596 t14 550
1461598787.5487 t14 550
1461598792.6490 t14 540
1461598797.7389 t14 540
1461598802.8350 t14 540
1461598807.9253 t14 540
1461598813.0144 t14 540
1461598818.1040 t14 560
1461598823.1931 t14 560
1461598828.2825 t14 560
1461598833.3725 t14 560
1461598838.4613 t14 550
1461598843.5940 t14 550
1461598848.6829 t14 550
1461598853.7743 t14 550
1461598858.8703 t14 550
1461598863.9889 t14 540
1461598869.0779 t14 540
1461598874.1670 t14 540
1461598879.2614 t14 540
1461598884.3638 t14 590
1461598889.4531 t14 590
1461598894.5455 t14 590
1461598899.6350 t14 590
1461598904.7249 t14 590
1461598909.8146 t14 540
1461598914.9052 t14 540
1461598919.9955 t14 540
1461598925.0878 t14 540
1461598930.1774 t14 580
1461598935.2717 t14 580
1461598940.3606 t14 580
1461598945.4499 t14 580
1461598950.5389 t14 550
1461598955.6282 t14 550
1461598960.7172 t14 550
1461598965.8063 t14 550
1461598970.9017 t14 550
1461598975.9910 t14 580
1461598981.0814 t14 580
1461598986.1719 t14 580
1461598991.2667 t14 580
1461598996.3575 t14 540
1461599001.4488 t14 540
1461599006.5381 t14 540
1461599011.6285 t14 540
1461599016.7177 t14 540
1461599021.8072 t14 540
1461599026.8962 t14 540
1461599031.9888 t14 540
1461599037.0858 t14 540
1461599042.1766 t14 550
1461599047.2671 t14 550
1461599052.3627 t14 550
1461599057.4522 t14 550
1461599062.5443 t14 540
1461599067.6347 t14 540
1461599072.7234 t14 540
1461599077.8137 t14 540
1461599082.9054 t14 540
