1461569249.3872 t14 540
1461569254.4770 t14 540
1461569259.5655 t14 690
1461569264.6611 t14 690
1461569269.7504 t14 690
1461569274.8406 t14 690
1461569279.9293 t14 560
1461569285.0179 t14 560
1461569290.1096 t14 560
1461569295.1985 t14 560
1461569300.2877 t14 560
1461569305.3764 t14 550
1461569310.4670 t14 550
1461569315.5558 t14 550
1461569320.6444 t14 550
1461569325.7329 t14 560
1461569330.8214 t14 560
1461569335.9100 t14 560
1461569340.9991 t14 560
1461569346.0911 t14 540
1461569351.1802 t14 540
1461569356.2705 t14 540
1461569361.3594 t14 540
1461569366.4494 t14 540
1461569371.5433 t14 540
1461569376.6731 t14 540
1461569381.7620 t14 540
1461569386.8525 t14 540
1461569391.9411 t14 550
1461569397.0288 t14 550
1461569402.1268 t14 550
1461569407.2197 t14 550
1461569412.3171 t14 550
1461569417.4090 t14 540
1461569422.4974 t14 540
1461569427.5863 t14 540
1461569432.6770 t14 540
1461569437.7655 t14 530
1461569442.8600 t14 530
1461569447.9485 t14 530
1461569453.0375 t14 530
1461569458.1264 t14 530
1461569463.2153 t14 540
1461569468.3039 t14 540
1461569473.3932 t14 540
1461569478.4818 t14 540
1461569483.5706 t14 550
1461569488.6595 t14 550
1461569493.7495 t14 550
1461569498.8379 t14 550
1461569503.9268 t14 560
1461569509.0159 t14 560
1461569514.1044 t14 560
1461569519.1930 t14 560
1461569524.2843 t14 560
1461569529.3726 t14 540
1461569534.4621 t14 540
1461569539.5506 t14 540
1461569544.6411 t14 540
1461569549.7295 t14 550
1461569554.8210 t14 550
1461569559.9092 t14 550
1461569564.9985 t14 550
1461569570.0872 t14 550
1461569575.1762 t14 530
1461569580.2648 t14 530
1461569585.3525 t14 530
1461569590.4445 t14 530
1461569595.5469 t14 550
1461569600.6483 t14 550
1461569605.7369 t14 550
1461569610.8269 t14 550
1461569615.9173 t14 540
1461569621.0060 t14 540
1461569626.0951 t14 540
1461569631.1867 t14 540
1461569636.2761 t14 540
1461569641.3655 t14 550
1461569646.4541 t14 550
1461569651.5426 t14 550
1461569656.6317 t14 550
1461569661.7220 t14 550
1461569666.8105 t14 550
1461569671.9053 t14 550
1461569676.9956 t14 550
1461569682.0840 t14 550
1461569687.1725 t14 560
1461569692.2619 t14 560
1461569697.3498 t14 560
1461569702.4431 t14 560
1461569707.5345 t14 530
1461569712.6528 t14 530
1461569717.7423 t14 530
1461569722.8309 t14 530
1461569727.9195 t14 550
1461569733.0084 t14 550
1461569738.0986 t14 550
1461569743.1901 t14 550
1461569748.2795 t14 550
1461569753.3688 t14 560
1461569758.4575 t14 560
1461569763.5465 t14 560
1461569768.6356 t14 560
1461569773.7255 t14 550
1461569778.8170 t14 550
1461569783.9048 t14 550
1461569788.9935 t14 550
1461569794.0822 t14 550
1461569799.1720 t14 540
1461569804.2607 t14 540
1461569809.3504 t14 540
1461569814.4390 t14 540
1461569819.5275 t14 540
1461569824.6210 t14 540
1461569829.7099 t14 540
1461569834.8000 t14 540
1461569839.8896 t14 540
1461569844.9784 t14 540
1461569850.0679 t14 540
1461569855.1573 t14 540
1461569860.2481 t14 540
1461569865.3365 t14 540
1461569870.4250 t14 540
1461569875.5139 t14 540
1461569880.6029 t14 540
1461569885.6928 t14 540
1461569890.7817 t14 540
1461569895.8723 t14 540
1461569900.9614 t14 540
1461569906.0514 t14 540
1461569911.1418 t14 540
1461569916.2306 t14 540
1461569921.3209 t14 540
1461569926.4099 t14 540
1461569931.4985 t14 560
1461569936.5887 t14 560
1461569941.6774 t14 560
1461569946.7661 t14 560
1461569951.8545 t14 560
1461569956.9430 t14 530
1461569962.0326 t14 530
1461569967.1220 t14 530
1461569972.2110 t14 530
1461569977.3166 t14 550
1461569982.4063 t14 550
1461569987.4953 t14 550
1461569992.5859 t14 550
1461569997.6746 t14 540
1461570002.7685 t14 540
1461570007.8641 t14 540
1461570012.9539 t14 540
1461570018.0435 t14 540
1461570023.1348 t14 530
1461570028.2248 t14 530
1461570033.3343 t14 530
1461570038.4380 t14 530
1461570043.5308 t14 540
1461570048.6213 t14 540
1461570053.7305 t14 540
1461570058.8388 t14 540
