1461567340.0624 t14 530
1461567345.1508 t14 530
1461567350.2440 t14 530
1461567355.3343 t14 530
1461567360.4300 t14 530
1461567365.5188 t14 530
1461567370.6072 t14 550
1461567375.6956 t14 550
1461567380.7842 t14 550
1461567385.8730 t14 550
1461567390.9631 t14 550
1461567396.0525 t14 540
1461567401.1490 t14 540
1461567406.2379 t14 540
1461567411.3264 t14 540
1461567416.4170 t14 530
1461567421.5061 t14 530
1461567426.5948 t14 530
1461567431.6838 t14 530
1461567436.7724 t14 530
1461567441.8613 t14 530
1461567446.9935 t14 530
1461567452.0820 t14 530
1461567457.1713 t14 530
1461567462.2601 t14 540
1461567467.3589 t14 540
1461567472.4535 t14 540
1461567477.5437 t14 540
1461567482.6322 t14 530
1461567487.7226 t14 530
1461567492.8113 t14 530
1461567497.8999 t14 530
1461567502.9886 t14 530
1461567508.0769 t14 540
1461567513.1657 t14 540
1461567518.2549 t14 540
1461567523.3436 t14 540
1461567528.4323 t14 540
1461567533.5208 t14 540
1461567538.6119 t14 540
1461567543.7005 t14 540
1461567548.7888 t14 540
1461567553.8775 t14 550
1461567558.9660 t14 550
1461567564.0543 t14 550
1461567569.1425 t14 550
1461567574.2314 t14 530
1461567579.3204 t14 530
1461567584.4089 t14 530
1461567589.4975 t14 530
1461567594.5857 t14 530
1461567599.6759 t14 530
1461567604.7673 t14 530
1461567609.8571 t14 530
1461567614.9457 t14 530
1461567620.0339 t14 680
1461567625.1254 t14 680
1461567630.2139 t14 680
1461567635.3025 t14 680
1461567640.3916 t14 540
1461567645.4802 t14 540
1461567650.5688 t14 540
1461567655.6573 t14 540
1461567660.7473 t14 540
1461567665.8384 t14 530
1461567670.9268 t14 530
1461567676.0619 t14 530
1461567681.1518 t14 530
1461567686.2396 t14 540
1461567691.3284 t14 540
1461567696.4170 t14 540
1461567701.5059 t14 540
1461567706.5960 t14 520
1461567711.6848 t14 520
1461567716.7734 t14 520
1461567721.8636 t14 520
1461567726.9520 t14 520
1461567732.0407 t14 520
1461567737.1295 t14 520
1461567742.2505 t14 520
1461567747.3393 t14 520
1461567752.4281 t14 550
1461567757.5353 t14 550
1461567762.6244 t14 550
1461567767.7129 t14 550
1461567772.8015 t14 550
1461567777.8899 t14 540
1461567782.9801 t14 540
1461567788.0695 t14 540
1461567793.1586 t14 540
1461567798.2475 t14 530
1461567803.3454 t14 530
1461567808.4340 t14 530
1461567813.5223 t14 530
1461567818.6106 t14 540
1461567823.6997 t14 540
1461567828.7884 t14 540
1461567833.8772 t14 540
1461567838.9668 t14 540
1461567844.0568 t14 530
1461567849.1454 t14 530
1461567854.2340 t14 530
1461567859.3223 t14 530
1461567864.4134 t14 530
1461567869.5039 t14 530
1461567874.5926 t14 530
1461567879.6812 t14 530
1461567884.7764 t14 530
1461567889.8648 t14 550
1461567894.9538 t14 550
1461567900.0426 t14 550
1461567905.1361 t14 550
1461567910.2265 t14 550
1461567915.3149 t14 550
1461567920.4036 t14 550
1461567925.4943 t14 550
1461567930.5829 t14 530
1461567935.6716 t14 530
1461567940.7602 t14 530
1461567945.8496 t14 530
1461567950.9381 t14 530
1461567956.0266 t14 530
1461567961.1154 t14 530
1461567966.2054 t14 530
1461567971.2943 t14 530
1461567976.3840 t14 540
1461567981.4728 t14 540
1461567986.5615 t14 540
1461567991.6529 t14 540
1461567996.7413 t14 540
1461568001.8300 t14 540
1461568006.9194 t14 540
1461568012.0079 t14 540
1461568017.0953 t14 540
1461568022.1848 t14 540
1461568027.2760 t14 540
1461568032.3641 t14 540
1461568037.4528 t14 540
1461568042.5415 t14 540
1461568047.6311 t14 540
1461568052.7194 t14 540
1461568057.8074 t14 540
1461568062.8964 t14 540
1461568067.9865 t14 560
1461568073.0751 t14 560
1461568078.1636 t14 560
1461568083.2526 t14 560
1461568088.3424 t14 530
1461568093.4330 t14 530
1461568098.5217 t14 530
1461568103.6104 t14 530
1461568108.6989 t14 530
1461568113.7895 t14 530
1461568118.8779 t14 530
1461568123.9665 t14 530
1461568129.0556 t14 530
1461568134.2073 t14 550
1461568139.2960 t14 550
1461568144.3948 t14 550
1461568149.4850 t14 550
1461568154.5738 t14 550
1461568159.6625 t14 530
1461568164.7507 t14 530
1461568169.8389 t14 530
1461568174.9281 t14 530
1461568180.0195 t14 560
1461568185.1096 t14 560
1461568190.1986 t14 560
1461568195.2873 t14 560
1461568200.3761 t14 540
1461568205.4702 t14 540
1461568210.5608 t14 540
1461568215.6495 t14 540
1461568220.7381 t14 540
1461568225.8273 t14 530
1461568230.9182 t14 530
1461568236.0066 t14 530
1461568241.0966 t14 530
1461568246.1869 t14 570
1461568251.2763 t14 570
1461568256.3646 t14 570
1461568261.4562 t14 570
1461568266.5448 t14 570
1461568271.6357 t14 530
1461568276.7241 t14 530
1461568281.8126 t14 530
1461568286.9005 t14 530
1461568291.9884 t14 540
1461568297.0770 t14 540
1461568302.1655 t14 540
1461568307.2540 t14 540
1461568312.3430 t14 540
1461568317.4314 t14 530
1461568322.5226 t14 530
1461568327.6137 t14 530
1461568332.7097 t14 530
1461568337.7987 t14 690
1461568342.8899 t14 690
1461568347.9789 t14 690
1461568353.0759 t14 690
1461568358.1644 t14 540
1461568363.2952 t14 540
1461568368.3838 t14 540
1461568373.4729 t14 540
1461568378.5622 t14 540
1461568383.6540 t14 530
1461568388.7425 t14 530
1461568393.8386 t14 530
1461568398.9274 t14 530
1461568404.0162 t14 540
1461568409.1049 t14 540
1461568414.1935 t14 540
1461568419.2821 t14 540
1461568424.3706 t14 540
1461568429.4591 t14 530
1461568434.5485 t14 530
1461568439.6389 t14 530
1461568444.7274 t14 530
1461568449.8159 t14 530
1461568454.9054 t14 530
1461568459.9939 t14 530
1461568465.0826 t14 530
1461568470.1710 t14 520
1461568475.3036 t14 520
