1462513662.8814 t14 530
1462513667.9708 t14 740
1462513673.0568 t14 740
1462513678.1455 t14 740
1462513683.2386 t14 740
1462513688.3193 t14 530
1462513693.4028 t14 530
1462513698.4939 t14 530
1462513703.5814 t14 530
1462513708.6717 t14 530
1462513713.7613 t14 560
1462513718.8512 t14 560
1462513723.9509 t14 560
1462513729.0359 t14 560
1462513734.1259 t14 550
1462513739.2145 t14 550
1462513744.2988 t14 550
1462513749.3840 t14 550
1462513754.4737 t14 550
1462513759.5636 t14 550
1462513764.6535 t14 550
1462513769.7459 t14 550
1462513774.8339 t14 550
1462513779.9206 t14 580
1462513784.9992 t14 580
1462513790.0795 t14 580
1462513795.1673 t14 580
1462513800.2538 t14 730
1462513805.3489 t14 730
1462513810.4454 t14 730
1462513815.5245 t14 730
1462513820.6040 t14 730
1462513825.6877 t14 560
1462513830.7664 t14 560
1462513835.8554 t14 560
1462513840.9373 t14 560
1462513846.0164 t14 750
1462513851.1033 t14 750
1462513856.2090 t14 750
1462513861.2945 t14 750
1462513866.3869 t14 750
1462513871.4740 t14 630
1462513876.5638 t14 630
1462513881.6562 t14 630
1462513886.7437 t14 630
1462513891.8382 t14 680
1462513896.9260 t14 680
1462513902.0119 t14 680
1462513907.1027 t14 680
1462513912.1906 t14 680
1462513917.2763 t14 530
1462513922.3669 t14 530
1462513927.4540 t14 530
1462513932.5417 t14 530
1462513937.6312 t14 540
1462513942.7234 t14 540
1462513947.8155 t14 540
1462513952.9016 t14 540
1462513957.9913 t14 540
1462513963.0752 t14 540
1462513968.1645 t14 540
1462513973.2454 t14 540
1462513978.3416 t14 540
1462513983.4359 t14 530
1462513988.5218 t14 530
1462513993.6113 t14 530
1462513998.6940 t14 530
1462514003.7816 t14 530
1462514008.8715 t14 530
1462514013.9690 t14 530
1462514019.0545 t14 530
1462514024.1416 t14 530
1462514029.2336 t14 530
1462514034.3215 t14 530
1462514039.4111 t14 530
1462514044.5065 t14 530
1462514049.5936 t14 550
1462514054.6815 t14 550
1462514059.7714 t14 550
1462514064.8612 t14 550
1462514069.9482 t14 550
1462514075.0413 t14 530
1462514080.1314 t14 530
1462514085.2216 t14 530
1462514090.3135 t14 530
1462514095.4016 t14 550
1462514100.4913 t14 550
1462514105.5812 t14 550
1462514110.6713 t14 550
1462514115.7586 t14 620
1462514120.8448 t14 620
1462514125.9316 t14 620
1462514131.0216 t14 620
1462514136.1070 t14 620
1462514141.1941 t14 540
1462514146.2815 t14 540
1462514151.3716 t14 540
1462514156.4612 t14 540
1462514161.5512 t14 540
1462514166.6673 t14 540
1462514171.7504 t14 540
1462514176.8345 t14 540
1462514181.9236 t14 540
1462514187.0115 t14 640
1462514192.1013 t14 640
1462514197.1912 t14 640
1462514202.2816 t14 640
1462514207.3715 t14 530
1462514212.4614 t14 530
1462514217.5512 t14 530
1462514222.6413 t14 530
1462514227.7312 t14 540
1462514232.8183 t14 540
1462514237.8982 t14 540
