1462514583.9915 t14 560
1462514589.0865 t14 520
1462514594.1744 t14 520
1462514599.2617 t14 520
1462514604.3537 t14 520
1462514609.4549 t14 540
1462514614.5697 t14 540
1462514619.6614 t14 540
1462514624.7514 t14 540
1462514629.8416 t14 540
1462514634.9321 t14 540
1462514640.0236 t14 540
1462514645.1212 t14 540
1462514650.2182 t14 540
1462514655.3049 t14 550
1462514660.3961 t14 550
1462514665.4844 t14 550
1462514670.5742 t14 550
1462514675.6650 t14 550
1462514680.7537 t14 540
1462514685.8456 t14 540
1462514690.9411 t14 540
1462514696.0316 t14 540
1462514701.1252 t14 590
1462514706.2143 t14 590
1462514711.3034 t14 590
1462514716.3915 t14 590
1462514721.4813 t14 540
1462514726.5714 t14 540
1462514731.6591 t14 540
1462514736.7558 t14 540
1462514741.8459 t14 540
1462514746.9341 t14 550
1462514752.0249 t14 550
1462514757.1136 t14 550
1462514762.2034 t14 550
1462514767.2944 t14 550
1462514772.3846 t14 550
1462514777.4700 t14 550
1462514782.5550 t14 550
1462514787.6458 t14 550
1462514792.7350 t14 540
1462514797.8193 t14 540
1462514802.9116 t14 540
1462514808.0016 t14 540
1462514813.0940 t14 720
1462514818.1817 t14 720
1462514823.2717 t14 720
1462514828.3614 t14 720
1462514833.4513 t14 720
1462514838.5474 t14 540
1462514843.6350 t14 540
1462514848.7236 t14 540
1462514853.8118 t14 540
1462514858.9050 t14 530
1462514863.9937 t14 530
