1462514242.9930 t14 540
1462514248.0838 t14 540
1462514253.1715 t14 640
1462514258.2613 t14 640
1462514263.3516 t14 640
1462514268.4459 t14 640
1462514273.5335 t14 560
1462514278.6214 t14 560
1462514283.7118 t14 560
1462514288.8013 t14 560
1462514293.8912 t14 560
1462514298.9817 t14 540
1462514304.0705 t14 540
1462514309.1525 t14 540
1462514314.2416 t14 540
1462514319.3313 t14 550
1462514324.4217 t14 550
1462514329.5114 t14 550
1462514334.6013 t14 550
1462514339.6917 t14 540
1462514344.7813 t14 540
1462514349.8752 t14 540
1462514354.9639 t14 540
1462514360.0514 t14 540
1462514365.1414 t14 540
1462514370.2269 t14 540
1462514375.3142 t14 540
1462514380.4015 t14 540
1462514385.4915 t14 550
1462514390.5723 t14 550
1462514395.6634 t14 550
1462514400.7565 t14 550
1462514405.8441 t14 550
1462514410.9338 t14 550
1462514416.0215 t14 550
1462514421.1111 t14 550
1462514426.1948 t14 550
1462514431.2846 t14 540
1462514436.3695 t14 540
1462514441.4541 t14 540
1462514446.5434 t14 540
1462514451.6317 t14 540
1462514456.7210 t14 550
1462514461.8107 t14 550
1462514466.9015 t14 550
1462514471.9965 t14 550
1462514477.0844 t14 530
1462514482.1717 t14 530
1462514487.2822 t14 530
1462514492.3738 t14 530
1462514497.4665 t14 530
1462514502.5557 t14 530
1462514507.6428 t14 530
1462514512.7315 t14 530
1462514517.8215 t14 530
1462514522.9112 t14 540
1462514528.0036 t14 540
1462514533.0969 t14 540
1462514538.1816 t14 540
1462514543.2674 t14 540
1462514548.3542 t14 540
1462514553.4436 t14 540
1462514558.5316 t14 540
1462514563.6212 t14 540
1462514568.7114 t14 560
1462514573.8013 t14 560
1462514578.9047 t14 560
