1462515276.3536 t14 560
1462515281.4472 t14 560
1462515286.5365 t14 560
1462515291.6269 t14 560
1462515296.7211 t14 560
1462515301.8172 t14 560
1462515306.9139 t14 550
1462515312.0146 t14 550
1462515317.1065 t14 550
1462515322.2018 t14 550
1462515327.3010 t14 550
1462515332.3926 t14 560
1462515337.4848 t14 560
1462515342.5842 t14 560
1462515347.6749 t14 560
1462515352.7751 t14 580
1462515357.8655 t14 580
1462515362.9545 t14 580
1462515368.0516 t14 580
1462515373.1456 t14 550
1462515378.2440 t14 550
1462515383.3394 t14 550
1462515388.4383 t14 550
1462515393.5349 t14 550
1462515398.6215 t14 560
