1462515026.9339 t14 550
1462515032.0220 t14 550
1462515037.1164 t14 610
1462515042.2041 t14 610
1462515047.2957 t14 610
1462515052.3852 t14 610
1462515057.4760 t14 610
1462515062.5653 t14 550
1462515067.6563 t14 550
1462515072.7457 t14 550
1462515077.8338 t14 550
1462515082.9245 t14 550
1462515088.0135 t14 550
1462515093.1113 t14 550
1462515098.2013 t14 550
1462515103.2945 t14 540
1462515108.3848 t14 540
1462515113.4734 t14 540
1462515118.5690 t14 540
1462515123.6604 t14 540
1462515128.7521 t14 550
1462515133.8417 t14 550
1462515138.9304 t14 550
1462515144.0251 t14 550
1462515149.1062 t14 560
