1462515154.1962 t14 560
1462515159.2852 t14 560
1462515164.3804 t14 560
1462515169.4738 t14 560
1462515174.5653 t14 560
1462515179.6548 t14 560
1462515184.7459 t14 560
1462515189.8364 t14 560
1462515194.9242 t14 560
1462515200.0135 t14 560
1462515205.1038 t14 560
1462515210.1918 t14 560
1462515215.2769 t14 550
1462515220.3645 t14 550
1462515225.4538 t14 550
1462515230.5443 t14 550
1462515235.6334 t14 550
1462515240.7240 t14 550
1462515245.8149 t14 550
1462515250.9041 t14 550
1462515255.9941 t14 550
1462515261.0799 t14 560
1462515266.1754 t14 560
1462515271.2678 t14 560
