1462514869.0835 t14 530
1462514874.1756 t14 530
1462514879.2785 t14 620
1462514884.3654 t14 620
1462514889.4617 t14 620
1462514894.5555 t14 620
1462514899.6434 t14 620
1462514904.7293 t14 590
1462514909.8143 t14 590
1462514914.9112 t14 590
1462514920.0041 t14 590
1462514925.0918 t14 580
1462514930.2144 t14 580
1462514935.3043 t14 580
1462514940.3923 t14 580
1462514945.4879 t14 580
1462514950.5755 t14 540
1462514955.6644 t14 540
1462514960.7534 t14 540
1462514965.8481 t14 540
1462514970.9344 t14 570
1462514976.0265 t14 570
1462514981.1179 t14 570
1462514986.2058 t14 570
1462514991.2938 t14 550
1462514996.3873 t14 550
1462515001.4851 t14 550
1462515006.5755 t14 550
1462515011.6634 t14 550
1462515016.7514 t14 550
1462515021.8435 t14 550
